<?xml version="1.0" encoding="UTF-8"?>
<!-- Generated by org.testng.reporters.JUnitReportReporter -->
<testsuite hostname="ndi-lap-845" failures="0" tests="3" name="TestCases.PasswordPageGmailTestCase" time="35.672" errors="0" timestamp="2020-03-17T07:02:26 IST" skipped="0">
  <testcase classname="TestCases.PasswordPageGmailTestCase" name="verifyTitle" time="11.548"/>
  <system-out/>
  <testcase classname="TestCases.PasswordPageGmailTestCase" name="verifyPassTyped" time="11.636"/>
  <system-out/>
  <testcase classname="TestCases.PasswordPageGmailTestCase" name="verifyClickOnNextLink" time="12.488"/>
  <system-out/>
</testsuite> <!-- TestCases.PasswordPageGmailTestCase -->
