<?xml version="1.0" encoding="UTF-8"?>
<!-- Generated by org.testng.reporters.JUnitReportReporter -->
<testsuite hostname="ndi-lap-845" failures="0" tests="1" name="TestCases.SigninPageGmailTestCase" time="12.451" errors="0" timestamp="2020-03-17T06:26:12 IST" skipped="0">
  <testcase classname="TestCases.SigninPageGmailTestCase" name="verifyEmailTyped" time="12.451"/>
  <system-out/>
</testsuite> <!-- TestCases.SigninPageGmailTestCase -->
