<?xml version="1.0" encoding="UTF-8"?>
<!-- Generated by org.testng.reporters.JUnitReportReporter -->
<testsuite hostname="ndi-lap-845" failures="0" tests="1" name="TestCases.LandingPageGmailTestCase" time="12.602" errors="0" timestamp="2020-03-16T22:05:02 IST" skipped="0">
  <testcase classname="TestCases.LandingPageGmailTestCase" name="loginPageTitleTest" time="12.602"/>
  <system-out/>
</testsuite> <!-- TestCases.LandingPageGmailTestCase -->
