<?xml version="1.0" encoding="UTF-8"?>
<!-- Generated by org.testng.reporters.JUnitReportReporter -->
<testsuite hostname="ndi-lap-845" failures="0" tests="1" name="com.gmail.gmail.pom.AppTest" time="0.011" errors="0" timestamp="2020-03-15T17:25:42 IST" skipped="0">
  <testcase classname="com.gmail.gmail.pom.AppTest" name="shouldAnswerWithTrue" time="0.011"/>
  <system-out/>
</testsuite> <!-- com.gmail.gmail.pom.AppTest -->
